{"C:\\Users\\codename-moyo\\Documents\\REST_API\\src\\router.ts": {"path":"C:\\Users\\codename-moyo\\Documents\\REST_API\\src\\router.ts","statementMap":{"0":{"start":{"line":1,"column":0},"end":{"line":1,"column":29}},"1":{"start":{"line":2,"column":0},"end":{"line":2,"column":null}},"2":{"start":{"line":10,"column":0},"end":{"line":10,"column":48}},"3":{"start":{"line":11,"column":0},"end":{"line":11,"column":49}},"4":{"start":{"line":12,"column":15},"end":{"line":12,"column":23}},"5":{"start":{"line":14,"column":0},"end":{"line":14,"column":29}},"6":{"start":{"line":15,"column":0},"end":{"line":20,"column":2}},"7":{"start":{"line":21,"column":0},"end":{"line":38,"column":2}},"8":{"start":{"line":33,"column":23},"end":{"line":33,"column":32}},"9":{"start":{"line":39,"column":0},"end":{"line":59,"column":2}},"10":{"start":{"line":52,"column":23},"end":{"line":52,"column":32}},"11":{"start":{"line":60,"column":0},"end":{"line":65,"column":2}},"12":{"start":{"line":66,"column":0},"end":{"line":71,"column":2}},"13":{"start":{"line":72,"column":0},"end":{"line":72,"column":22}}},"fnMap":{"0":{"name":"(anonymous_1)","decl":{"start":{"line":33,"column":12},"end":{"line":33,"column":13}},"loc":{"start":{"line":33,"column":23},"end":{"line":33,"column":32}}},"1":{"name":"(anonymous_2)","decl":{"start":{"line":52,"column":12},"end":{"line":52,"column":13}},"loc":{"start":{"line":52,"column":23},"end":{"line":52,"column":32}}}},"branchMap":{},"s":{"0":2,"1":2,"2":2,"3":2,"4":2,"5":2,"6":2,"7":2,"8":4,"9":2,"10":5,"11":2,"12":2,"13":2},"f":{"0":4,"1":5},"b":{}}
,"C:\\Users\\codename-moyo\\Documents\\REST_API\\src\\server.ts": {"path":"C:\\Users\\codename-moyo\\Documents\\REST_API\\src\\server.ts","statementMap":{"0":{"start":{"line":7,"column":0},"end":{"line":7,"column":7}},"1":{"start":{"line":1,"column":0},"end":{"line":1,"column":30}},"2":{"start":{"line":2,"column":0},"end":{"line":2,"column":30}},"3":{"start":{"line":3,"column":0},"end":{"line":3,"column":29}},"4":{"start":{"line":4,"column":0},"end":{"line":4,"column":28}},"5":{"start":{"line":8,"column":2},"end":{"line":15,"column":3}},"6":{"start":{"line":9,"column":4},"end":{"line":9,"column":28}},"7":{"start":{"line":10,"column":4},"end":{"line":10,"column":14}},"8":{"start":{"line":13,"column":4},"end":{"line":13,"column":23}},"9":{"start":{"line":14,"column":4},"end":{"line":14,"column":70}},"10":{"start":{"line":17,"column":0},"end":{"line":17,"column":12}},"11":{"start":{"line":19,"column":15},"end":{"line":19,"column":24}},"12":{"start":{"line":21,"column":0},"end":{"line":21,"column":27}},"13":{"start":{"line":24,"column":0},"end":{"line":24,"column":36}},"14":{"start":{"line":25,"column":0},"end":{"line":27,"column":3}},"15":{"start":{"line":26,"column":2},"end":{"line":26,"column":33}},"16":{"start":{"line":29,"column":0},"end":{"line":29,"column":22}}},"fnMap":{"0":{"name":"connectDB","decl":{"start":{"line":7,"column":22},"end":{"line":7,"column":31}},"loc":{"start":{"line":7,"column":31},"end":{"line":16,"column":1}}},"1":{"name":"(anonymous_2)","decl":{"start":{"line":25,"column":19},"end":{"line":25,"column":20}},"loc":{"start":{"line":25,"column":32},"end":{"line":27,"column":1}}}},"branchMap":{},"s":{"0":2,"1":2,"2":2,"3":2,"4":2,"5":3,"6":3,"7":2,"8":1,"9":1,"10":2,"11":2,"12":2,"13":2,"14":2,"15":1,"16":2},"f":{"0":3,"1":1},"b":{}}
,"C:\\Users\\codename-moyo\\Documents\\REST_API\\src\\config\\db.ts": {"path":"C:\\Users\\codename-moyo\\Documents\\REST_API\\src\\config\\db.ts","statementMap":{"0":{"start":{"line":1,"column":0},"end":{"line":1,"column":49}},"1":{"start":{"line":2,"column":0},"end":{"line":2,"column":28}},"2":{"start":{"line":3,"column":0},"end":{"line":3,"column":16}},"3":{"start":{"line":4,"column":0},"end":{"line":4,"column":39}},"4":{"start":{"line":5,"column":11},"end":{"line":8,"column":2}},"5":{"start":{"line":9,"column":0},"end":{"line":9,"column":18}}},"fnMap":{},"branchMap":{},"s":{"0":2,"1":2,"2":2,"3":2,"4":2,"5":2},"f":{},"b":{}}
,"C:\\Users\\codename-moyo\\Documents\\REST_API\\src\\handlers\\product.ts": {"path":"C:\\Users\\codename-moyo\\Documents\\REST_API\\src\\handlers\\product.ts","statementMap":{"0":{"start":{"line":2,"column":0},"end":{"line":2,"column":46}},"1":{"start":{"line":3,"column":27},"end":{"line":8,"column":1}},"2":{"start":{"line":4,"column":19},"end":{"line":6,"column":4}},"3":{"start":{"line":7,"column":2},"end":{"line":7,"column":31}},"4":{"start":{"line":3,"column":13},"end":{"line":3,"column":27}},"5":{"start":{"line":9,"column":30},"end":{"line":18,"column":1}},"6":{"start":{"line":10,"column":17},"end":{"line":10,"column":27}},"7":{"start":{"line":11,"column":18},"end":{"line":11,"column":44}},"8":{"start":{"line":12,"column":2},"end":{"line":16,"column":3}},"9":{"start":{"line":13,"column":4},"end":{"line":15,"column":7}},"10":{"start":{"line":17,"column":2},"end":{"line":17,"column":30}},"11":{"start":{"line":9,"column":13},"end":{"line":9,"column":30}},"12":{"start":{"line":20,"column":29},"end":{"line":23,"column":1}},"13":{"start":{"line":21,"column":18},"end":{"line":21,"column":48}},"14":{"start":{"line":22,"column":2},"end":{"line":22,"column":42}},"15":{"start":{"line":20,"column":13},"end":{"line":20,"column":29}},"16":{"start":{"line":24,"column":29},"end":{"line":36,"column":1}},"17":{"start":{"line":25,"column":17},"end":{"line":25,"column":27}},"18":{"start":{"line":26,"column":18},"end":{"line":26,"column":44}},"19":{"start":{"line":27,"column":2},"end":{"line":31,"column":3}},"20":{"start":{"line":28,"column":4},"end":{"line":30,"column":7}},"21":{"start":{"line":33,"column":2},"end":{"line":33,"column":33}},"22":{"start":{"line":34,"column":2},"end":{"line":34,"column":23}},"23":{"start":{"line":35,"column":2},"end":{"line":35,"column":30}},"24":{"start":{"line":24,"column":13},"end":{"line":24,"column":29}},"25":{"start":{"line":37,"column":34},"end":{"line":49,"column":1}},"26":{"start":{"line":38,"column":17},"end":{"line":38,"column":27}},"27":{"start":{"line":39,"column":18},"end":{"line":39,"column":44}},"28":{"start":{"line":40,"column":2},"end":{"line":44,"column":3}},"29":{"start":{"line":41,"column":4},"end":{"line":43,"column":7}},"30":{"start":{"line":46,"column":2},"end":{"line":46,"column":58}},"31":{"start":{"line":47,"column":2},"end":{"line":47,"column":23}},"32":{"start":{"line":48,"column":2},"end":{"line":48,"column":30}},"33":{"start":{"line":37,"column":13},"end":{"line":37,"column":34}},"34":{"start":{"line":50,"column":29},"end":{"line":60,"column":1}},"35":{"start":{"line":51,"column":17},"end":{"line":51,"column":27}},"36":{"start":{"line":52,"column":18},"end":{"line":52,"column":44}},"37":{"start":{"line":53,"column":2},"end":{"line":57,"column":3}},"38":{"start":{"line":54,"column":4},"end":{"line":56,"column":7}},"39":{"start":{"line":58,"column":2},"end":{"line":58,"column":26}},"40":{"start":{"line":59,"column":2},"end":{"line":59,"column":43}},"41":{"start":{"line":50,"column":13},"end":{"line":50,"column":29}}},"fnMap":{"0":{"name":"(anonymous_1)","decl":{"start":{"line":3,"column":27},"end":{"line":3,"column":32}},"loc":{"start":{"line":3,"column":65},"end":{"line":8,"column":1}}},"1":{"name":"(anonymous_2)","decl":{"start":{"line":9,"column":30},"end":{"line":9,"column":35}},"loc":{"start":{"line":9,"column":68},"end":{"line":18,"column":1}}},"2":{"name":"(anonymous_3)","decl":{"start":{"line":20,"column":29},"end":{"line":20,"column":34}},"loc":{"start":{"line":20,"column":67},"end":{"line":23,"column":1}}},"3":{"name":"(anonymous_4)","decl":{"start":{"line":24,"column":29},"end":{"line":24,"column":34}},"loc":{"start":{"line":24,"column":67},"end":{"line":36,"column":1}}},"4":{"name":"(anonymous_5)","decl":{"start":{"line":37,"column":34},"end":{"line":37,"column":39}},"loc":{"start":{"line":37,"column":72},"end":{"line":49,"column":1}}},"5":{"name":"(anonymous_6)","decl":{"start":{"line":50,"column":29},"end":{"line":50,"column":34}},"loc":{"start":{"line":50,"column":67},"end":{"line":60,"column":1}}}},"branchMap":{"0":{"loc":{"start":{"line":12,"column":2},"end":{"line":16,"column":3}},"type":"if","locations":[{"start":{"line":12,"column":2},"end":{"line":16,"column":3}}]},"1":{"loc":{"start":{"line":27,"column":2},"end":{"line":31,"column":3}},"type":"if","locations":[{"start":{"line":27,"column":2},"end":{"line":31,"column":3}}]},"2":{"loc":{"start":{"line":40,"column":2},"end":{"line":44,"column":3}},"type":"if","locations":[{"start":{"line":40,"column":2},"end":{"line":44,"column":3}}]},"3":{"loc":{"start":{"line":53,"column":2},"end":{"line":57,"column":3}},"type":"if","locations":[{"start":{"line":53,"column":2},"end":{"line":57,"column":3}}]}},"s":{"0":2,"1":2,"2":2,"3":2,"4":2,"5":2,"6":2,"7":2,"8":2,"9":1,"10":1,"11":2,"12":2,"13":1,"14":1,"15":2,"16":2,"17":2,"18":2,"19":2,"20":1,"21":1,"22":1,"23":1,"24":2,"25":2,"26":2,"27":2,"28":2,"29":1,"30":1,"31":1,"32":1,"33":2,"34":2,"35":2,"36":2,"37":2,"38":1,"39":1,"40":1,"41":2},"f":{"0":2,"1":2,"2":1,"3":2,"4":2,"5":2},"b":{"0":[1],"1":[1],"2":[1],"3":[1]}}
,"C:\\Users\\codename-moyo\\Documents\\REST_API\\src\\middleware\\index.ts": {"path":"C:\\Users\\codename-moyo\\Documents\\REST_API\\src\\middleware\\index.ts","statementMap":{"0":{"start":{"line":2,"column":0},"end":{"line":2,"column":53}},"1":{"start":{"line":3,"column":33},"end":{"line":13,"column":1}},"2":{"start":{"line":8,"column":15},"end":{"line":8,"column":36}},"3":{"start":{"line":9,"column":2},"end":{"line":11,"column":3}},"4":{"start":{"line":10,"column":4},"end":{"line":10,"column":60}},"5":{"start":{"line":12,"column":2},"end":{"line":12,"column":9}},"6":{"start":{"line":3,"column":13},"end":{"line":3,"column":33}}},"fnMap":{"0":{"name":"(anonymous_0)","decl":{"start":{"line":3,"column":33},"end":{"line":3,"column":null}},"loc":{"start":{"line":7,"column":4},"end":{"line":13,"column":1}}}},"branchMap":{"0":{"loc":{"start":{"line":9,"column":2},"end":{"line":11,"column":3}},"type":"if","locations":[{"start":{"line":9,"column":2},"end":{"line":11,"column":3}}]}},"s":{"0":2,"1":2,"2":17,"3":17,"4":8,"5":9,"6":2},"f":{"0":17},"b":{"0":[8]}}
,"C:\\Users\\codename-moyo\\Documents\\REST_API\\src\\models\\Product.model.ts": {"path":"C:\\Users\\codename-moyo\\Documents\\REST_API\\src\\models\\Product.model.ts","statementMap":{"0":{"start":{"line":1,"column":0},"end":{"line":1,"column":79}},"1":{"start":{"line":6,"column":0},"end":{"line":20,"column":null}},"2":{"start":{"line":10,"column":10},"end":{"line":10,"column":null}},"3":{"start":{"line":14,"column":10},"end":{"line":14,"column":null}},"4":{"start":{"line":19,"column":10},"end":{"line":19,"column":null}},"5":{"start":{"line":6,"column":6},"end":{"line":20,"column":null}},"6":{"start":{"line":21,"column":0},"end":{"line":21,"column":23}}},"fnMap":{},"branchMap":{},"s":{"0":3,"1":3,"2":3,"3":3,"4":3,"5":3,"6":3},"f":{},"b":{}}
}
