TN:
SF:src\router.ts
FN:33,(anonymous_1)
FN:52,(anonymous_2)
FNF:2
FNH:2
FNDA:4,(anonymous_1)
FNDA:5,(anonymous_2)
DA:1,2
DA:2,2
DA:10,2
DA:11,2
DA:12,2
DA:14,2
DA:15,2
DA:21,2
DA:33,4
DA:39,2
DA:52,5
DA:60,2
DA:66,2
DA:72,2
LF:14
LH:14
BRF:0
BRH:0
end_of_record
TN:
SF:src\server.ts
FN:7,connectDB
FN:25,(anonymous_2)
FNF:2
FNH:2
FNDA:3,connectDB
FNDA:1,(anonymous_2)
DA:1,2
DA:2,2
DA:3,2
DA:4,2
DA:7,2
DA:8,3
DA:9,3
DA:10,2
DA:13,1
DA:14,1
DA:17,2
DA:19,2
DA:21,2
DA:24,2
DA:25,2
DA:26,1
DA:29,2
LF:17
LH:17
BRF:0
BRH:0
end_of_record
TN:
SF:src\config\db.ts
FNF:0
FNH:0
DA:1,2
DA:2,2
DA:3,2
DA:4,2
DA:5,2
DA:9,2
LF:6
LH:6
BRF:0
BRH:0
end_of_record
TN:
SF:src\handlers\product.ts
FN:3,(anonymous_1)
FN:9,(anonymous_2)
FN:20,(anonymous_3)
FN:24,(anonymous_4)
FN:37,(anonymous_5)
FN:50,(anonymous_6)
FNF:6
FNH:6
FNDA:2,(anonymous_1)
FNDA:2,(anonymous_2)
FNDA:1,(anonymous_3)
FNDA:2,(anonymous_4)
FNDA:2,(anonymous_5)
FNDA:2,(anonymous_6)
DA:2,2
DA:3,2
DA:4,2
DA:7,2
DA:9,2
DA:10,2
DA:11,2
DA:12,2
DA:13,1
DA:17,1
DA:20,2
DA:21,1
DA:22,1
DA:24,2
DA:25,2
DA:26,2
DA:27,2
DA:28,1
DA:33,1
DA:34,1
DA:35,1
DA:37,2
DA:38,2
DA:39,2
DA:40,2
DA:41,1
DA:46,1
DA:47,1
DA:48,1
DA:50,2
DA:51,2
DA:52,2
DA:53,2
DA:54,1
DA:58,1
DA:59,1
LF:36
LH:36
BRDA:12,0,0,1
BRDA:27,1,0,1
BRDA:40,2,0,1
BRDA:53,3,0,1
BRF:4
BRH:4
end_of_record
TN:
SF:src\middleware\index.ts
FN:3,(anonymous_0)
FNF:1
FNH:1
FNDA:17,(anonymous_0)
DA:2,2
DA:3,2
DA:8,17
DA:9,17
DA:10,8
DA:12,9
LF:6
LH:6
BRDA:9,0,0,8
BRF:1
BRH:1
end_of_record
TN:
SF:src\models\Product.model.ts
FNF:0
FNH:0
DA:1,3
DA:6,3
DA:10,3
DA:14,3
DA:19,3
DA:21,3
LF:6
LH:6
BRF:0
BRH:0
end_of_record
